<?xml version="1.0" encoding="UTF-8"?>
<!-- Generated by org.testng.reporters.JUnitReportReporter -->
<testsuite hostname="TRACTO" failures="0" tests="1" name="testCases.TC_6SerachProductByCategeory" time="7.168" errors="0" timestamp="2024-04-26T17:45:03 IST" skipped="0">
  <testcase classname="testCases.TC_6SerachProductByCategeory" name="SearchByCategeory" time="7.168"/>
</testsuite> <!-- testCases.TC_6SerachProductByCategeory -->
