<?xml version="1.0" encoding="UTF-8"?>
<!-- Generated by org.testng.reporters.JUnitReportReporter -->
<testsuite hostname="TRACTO" failures="0" tests="2" name="academy.tests.SubmitOrderTest" time="9.514" errors="0" timestamp="2024-04-26T17:54:55 IST" skipped="0">
  <testcase classname="academy.tests.SubmitOrderTest" name="submitOrder" time="5.161"/>
  <system-out/>
  <testcase classname="academy.tests.SubmitOrderTest" name="submitOrder" time="4.353"/>
  <system-out/>
</testsuite> <!-- academy.tests.SubmitOrderTest -->
